# JRE version: OpenJDK Runtime Environment (8.0_222-b10) (build 1.8.0_222-b10)
# Java VM: OpenJDK 64-Bit Server VM (25.222-b10 mixed mode bsd-amd64 compressed oops)
Heap:
 PSYoungGen      total 493056K, used 271950K [0x000000076ab00000, 0x0000000791180000, 0x00000007c0000000)
  eden space 446976K, 58% used [0x000000076ab00000,0x000000077a916910,0x0000000785f80000)
  from space 46080K, 25% used [0x0000000785f80000,0x0000000786afcf28,0x0000000788c80000)
  to   space 45056K, 0% used [0x000000078e580000,0x000000078e580000,0x0000000791180000)
 ParOldGen       total 228864K, used 186001K [0x00000006c0000000, 0x00000006cdf80000, 0x000000076ab00000)
  object space 228864K, 81% used [0x00000006c0000000,0x00000006cb5a4758,0x00000006cdf80000)
 Metaspace       used 87582K, capacity 93304K, committed 93528K, reserved 1130496K
  class space    used 11425K, capacity 12846K, committed 12928K, reserved 1048576K
GC Heap History (10 events):
Event: 26.743 GC heap before
{Heap before GC invocations=20 (full 3):
 PSYoungGen      total 339968K, used 339939K [0x000000076ab00000, 0x0000000786e00000, 0x00000007c0000000)
  eden space 300544K, 100% used [0x000000076ab00000,0x000000077d080000,0x000000077d080000)
  from space 39424K, 99% used [0x0000000780180000,0x00000007827f8ee8,0x0000000782800000)
  to   space 50176K, 0% used [0x000000077d080000,0x000000077d080000,0x0000000780180000)
 ParOldGen       total 228864K, used 113242K [0x00000006c0000000, 0x00000006cdf80000, 0x000000076ab00000)
  object space 228864K, 49% used [0x00000006c0000000,0x00000006c6e96a48,0x00000006cdf80000)
 Metaspace       used 86137K, capacity 91792K, committed 91992K, reserved 1128448K
  class space    used 11391K, capacity 12806K, committed 12928K, reserved 1048576K
Event: 26.767 GC heap after
Heap after GC invocations=20 (full 3):
 PSYoungGen      total 350720K, used 29253K [0x000000076ab00000, 0x0000000787680000, 0x00000007c0000000)
  eden space 300544K, 0% used [0x000000076ab00000,0x000000076ab00000,0x000000077d080000)
  from space 50176K, 58% used [0x000000077d080000,0x000000077ed11580,0x0000000780180000)
  to   space 50176K, 0% used [0x0000000784580000,0x0000000784580000,0x0000000787680000)
 ParOldGen       total 228864K, used 134723K [0x00000006c0000000, 0x00000006cdf80000, 0x000000076ab00000)
  object space 228864K, 58% used [0x00000006c0000000,0x00000006c8390c78,0x00000006cdf80000)
 Metaspace       used 86137K, capacity 91792K, committed 91992K, reserved 1128448K
  class space    used 11391K, capacity 12806K, committed 12928K, reserved 1048576K
}
Event: 27.396 GC heap before
{Heap before GC invocations=21 (full 3):
 PSYoungGen      total 350720K, used 329797K [0x000000076ab00000, 0x0000000787680000, 0x00000007c0000000)
  eden space 300544K, 100% used [0x000000076ab00000,0x000000077d080000,0x000000077d080000)
  from space 50176K, 58% used [0x000000077d080000,0x000000077ed11580,0x0000000780180000)
  to   space 50176K, 0% used [0x0000000784580000,0x0000000784580000,0x0000000787680000)
 ParOldGen       total 228864K, used 134723K [0x00000006c0000000, 0x00000006cdf80000, 0x000000076ab00000)
  object space 228864K, 58% used [0x00000006c0000000,0x00000006c8390c78,0x00000006cdf80000)
 Metaspace       used 86607K, capacity 92202K, committed 92504K, reserved 1128448K
  class space    used 11409K, capacity 12809K, committed 12928K, reserved 1048576K
Event: 27.413 GC heap after
Heap after GC invocations=21 (full 3):
 PSYoungGen      total 414208K, used 13371K [0x000000076ab00000, 0x0000000787200000, 0x00000007c0000000)
  eden space 368640K, 0% used [0x000000076ab00000,0x000000076ab00000,0x0000000781300000)
  from space 45568K, 29% used [0x0000000784580000,0x000000078528ee30,0x0000000787200000)
  to   space 48640K, 0% used [0x0000000781300000,0x0000000781300000,0x0000000784280000)
 ParOldGen       total 228864K, used 154051K [0x00000006c0000000, 0x00000006cdf80000, 0x000000076ab00000)
  object space 228864K, 67% used [0x00000006c0000000,0x00000006c9670f68,0x00000006cdf80000)
 Metaspace       used 86607K, capacity 92202K, committed 92504K, reserved 1128448K
  class space    used 11409K, capacity 12809K, committed 12928K, reserved 1048576K
}
Event: 28.145 GC heap before
{Heap before GC invocations=22 (full 3):
 PSYoungGen      total 414208K, used 382011K [0x000000076ab00000, 0x0000000787200000, 0x00000007c0000000)
  eden space 368640K, 100% used [0x000000076ab00000,0x0000000781300000,0x0000000781300000)
  from space 45568K, 29% used [0x0000000784580000,0x000000078528ee30,0x0000000787200000)
  to   space 48640K, 0% used [0x0000000781300000,0x0000000781300000,0x0000000784280000)
 ParOldGen       total 228864K, used 154051K [0x00000006c0000000, 0x00000006cdf80000, 0x000000076ab00000)
  object space 228864K, 67% used [0x00000006c0000000,0x00000006c9670f68,0x00000006cdf80000)
 Metaspace       used 86917K, capacity 92572K, committed 92760K, reserved 1128448K
  class space    used 11423K, capacity 12842K, committed 12928K, reserved 1048576K
Event: 28.157 GC heap after
Heap after GC invocations=22 (full 3):
 PSYoungGen      total 417280K, used 11975K [0x000000076ab00000, 0x000000078bc80000, 0x00000007c0000000)
  eden space 368640K, 0% used [0x000000076ab00000,0x000000076ab00000,0x0000000781300000)
  from space 48640K, 24% used [0x0000000781300000,0x0000000781eb1f80,0x0000000784280000)
  to   space 47616K, 0% used [0x0000000788e00000,0x0000000788e00000,0x000000078bc80000)
 ParOldGen       total 228864K, used 165784K [0x00000006c0000000, 0x00000006cdf80000, 0x000000076ab00000)
  object space 228864K, 72% used [0x00000006c0000000,0x00000006ca1e62a0,0x00000006cdf80000)
 Metaspace       used 86917K, capacity 92572K, committed 92760K, reserved 1128448K
  class space    used 11423K, capacity 12842K, committed 12928K, reserved 1048576K
}
Event: 28.670 GC heap before
{Heap before GC invocations=23 (full 3):
 PSYoungGen      total 417280K, used 380615K [0x000000076ab00000, 0x000000078bc80000, 0x00000007c0000000)
  eden space 368640K, 100% used [0x000000076ab00000,0x0000000781300000,0x0000000781300000)
  from space 48640K, 24% used [0x0000000781300000,0x0000000781eb1f80,0x0000000784280000)
  to   space 47616K, 0% used [0x0000000788e00000,0x0000000788e00000,0x000000078bc80000)
 ParOldGen       total 228864K, used 165784K [0x00000006c0000000, 0x00000006cdf80000, 0x000000076ab00000)
  object space 228864K, 72% used [0x00000006c0000000,0x00000006ca1e62a0,0x00000006cdf80000)
 Metaspace       used 87109K, capacity 92772K, committed 93016K, reserved 1130496K
  class space    used 11423K, capacity 12842K, committed 12928K, reserved 1048576K
Event: 28.685 GC heap after
Heap after GC invocations=23 (full 3):
 PSYoungGen      total 491520K, used 13265K [0x000000076ab00000, 0x000000078b980000, 0x00000007c0000000)
  eden space 446976K, 0% used [0x000000076ab00000,0x000000076ab00000,0x0000000785f80000)
  from space 44544K, 29% used [0x0000000788e00000,0x0000000789af46a8,0x000000078b980000)
  to   space 46080K, 0% used [0x0000000785f80000,0x0000000785f80000,0x0000000788c80000)
 ParOldGen       total 228864K, used 175962K [0x00000006c0000000, 0x00000006cdf80000, 0x000000076ab00000)
  object space 228864K, 76% used [0x00000006c0000000,0x00000006cabd69f8,0x00000006cdf80000)
 Metaspace       used 87109K, capacity 92772K, committed 93016K, reserved 1130496K
  class space    used 11423K, capacity 12842K, committed 12928K, reserved 1048576K
}
Event: 29.290 GC heap before
{Heap before GC invocations=24 (full 3):
 PSYoungGen      total 491520K, used 460241K [0x000000076ab00000, 0x000000078b980000, 0x00000007c0000000)
  eden space 446976K, 100% used [0x000000076ab00000,0x0000000785f80000,0x0000000785f80000)
  from space 44544K, 29% used [0x0000000788e00000,0x0000000789af46a8,0x000000078b980000)
  to   space 46080K, 0% used [0x0000000785f80000,0x0000000785f80000,0x0000000788c80000)
 ParOldGen       total 228864K, used 175962K [0x00000006c0000000, 0x00000006cdf80000, 0x000000076ab00000)
  object space 228864K, 76% used [0x00000006c0000000,0x00000006cabd69f8,0x00000006cdf80000)
 Metaspace       used 87463K, capacity 93146K, committed 93272K, reserved 1130496K
  class space    used 11425K, capacity 12845K, committed 12928K, reserved 1048576K
Event: 29.303 GC heap after
Heap after GC invocations=24 (full 3):
 PSYoungGen      total 493056K, used 11763K [0x000000076ab00000, 0x0000000791180000, 0x00000007c0000000)
  eden space 446976K, 0% used [0x000000076ab00000,0x000000076ab00000,0x0000000785f80000)
  from space 46080K, 25% used [0x0000000785f80000,0x0000000786afcf28,0x0000000788c80000)
  to   space 45056K, 0% used [0x000000078e580000,0x000000078e580000,0x0000000791180000)
 ParOldGen       total 228864K, used 186001K [0x00000006c0000000, 0x00000006cdf80000, 0x000000076ab00000)
  object space 228864K, 81% used [0x00000006c0000000,0x00000006cb5a4758,0x00000006cdf80000)
 Metaspace       used 87463K, capacity 93146K, committed 93272K, reserved 1130496K
  class space    used 11425K, capacity 12845K, committed 12928K, reserved 1048576K
}

