# JRE version: OpenJDK Runtime Environment (8.0_222-b10) (build 1.8.0_222-b10)
# Java VM: OpenJDK 64-Bit Server VM (25.222-b10 mixed mode bsd-amd64 compressed oops)
Heap:
 PSYoungGen      total 151552K, used 118081K [0x00000007e5d80000, 0x00000007f0800000, 0x00000007f0800000)
  eden space 135680K, 87% used [0x00000007e5d80000,0x00000007ed0d0778,0x00000007ee200000)
  from space 15872K, 0% used [0x00000007ee200000,0x00000007ee200000,0x00000007ef180000)
  to   space 19968K, 0% used [0x00000007ef480000,0x00000007ef480000,0x00000007f0800000)
 ParOldGen       total 280576K, used 30836K [0x00000007d0800000, 0x00000007e1a00000, 0x00000007e5d80000)
  object space 280576K, 10% used [0x00000007d0800000,0x00000007d261d358,0x00000007e1a00000)
 Metaspace       used 60643K, capacity 63576K, committed 63832K, reserved 1103872K
  class space    used 8219K, capacity 9034K, committed 9088K, reserved 1048576K
GC Heap History (10 events):
Event: 7.080 GC heap before
{Heap before GC invocations=8 (full 2):
 PSYoungGen      total 129536K, used 3584K [0x00000007e5d80000, 0x00000007f0800000, 0x00000007f0800000)
  eden space 125952K, 0% used [0x00000007e5d80000,0x00000007e5d80000,0x00000007ed880000)
  from space 3584K, 100% used [0x00000007ee500000,0x00000007ee880000,0x00000007ee880000)
  to   space 12800K, 0% used [0x00000007ed880000,0x00000007ed880000,0x00000007ee500000)
 ParOldGen       total 117760K, used 17555K [0x00000007d0800000, 0x00000007d7b00000, 0x00000007e5d80000)
  object space 117760K, 14% used [0x00000007d0800000,0x00000007d1924f18,0x00000007d7b00000)
 Metaspace       used 34641K, capacity 35318K, committed 35416K, reserved 1079296K
  class space    used 4744K, capacity 4941K, committed 4992K, reserved 1048576K
Event: 7.135 GC heap after
Heap after GC invocations=8 (full 2):
 PSYoungGen      total 129536K, used 0K [0x00000007e5d80000, 0x00000007f0800000, 0x00000007f0800000)
  eden space 125952K, 0% used [0x00000007e5d80000,0x00000007e5d80000,0x00000007ed880000)
  from space 3584K, 0% used [0x00000007ee500000,0x00000007ee500000,0x00000007ee880000)
  to   space 12800K, 0% used [0x00000007ed880000,0x00000007ed880000,0x00000007ee500000)
 ParOldGen       total 196608K, used 17797K [0x00000007d0800000, 0x00000007dc800000, 0x00000007e5d80000)
  object space 196608K, 9% used [0x00000007d0800000,0x00000007d1961750,0x00000007dc800000)
 Metaspace       used 34618K, capacity 35240K, committed 35416K, reserved 1079296K
  class space    used 4737K, capacity 4928K, committed 4992K, reserved 1048576K
}
Event: 9.064 GC heap before
{Heap before GC invocations=9 (full 2):
 PSYoungGen      total 129536K, used 125952K [0x00000007e5d80000, 0x00000007f0800000, 0x00000007f0800000)
  eden space 125952K, 100% used [0x00000007e5d80000,0x00000007ed880000,0x00000007ed880000)
  from space 3584K, 0% used [0x00000007ee500000,0x00000007ee500000,0x00000007ee880000)
  to   space 12800K, 0% used [0x00000007ed880000,0x00000007ed880000,0x00000007ee500000)
 ParOldGen       total 196608K, used 17797K [0x00000007d0800000, 0x00000007dc800000, 0x00000007e5d80000)
  object space 196608K, 9% used [0x00000007d0800000,0x00000007d1961750,0x00000007dc800000)
 Metaspace       used 46609K, capacity 47644K, committed 47832K, reserved 1091584K
  class space    used 6311K, capacity 6622K, committed 6656K, reserved 1048576K
Event: 9.074 GC heap after
Heap after GC invocations=9 (full 2):
 PSYoungGen      total 138752K, used 12776K [0x00000007e5d80000, 0x00000007f0800000, 0x00000007f0800000)
  eden space 125952K, 0% used [0x00000007e5d80000,0x00000007e5d80000,0x00000007ed880000)
  from space 12800K, 99% used [0x00000007ed880000,0x00000007ee4fa0a8,0x00000007ee500000)
  to   space 15872K, 0% used [0x00000007ef880000,0x00000007ef880000,0x00000007f0800000)
 ParOldGen       total 196608K, used 20850K [0x00000007d0800000, 0x00000007dc800000, 0x00000007e5d80000)
  object space 196608K, 10% used [0x00000007d0800000,0x00000007d1c5cba8,0x00000007dc800000)
 Metaspace       used 46609K, capacity 47644K, committed 47832K, reserved 1091584K
  class space    used 6311K, capacity 6622K, committed 6656K, reserved 1048576K
}
Event: 11.193 GC heap before
{Heap before GC invocations=10 (full 2):
 PSYoungGen      total 138752K, used 138728K [0x00000007e5d80000, 0x00000007f0800000, 0x00000007f0800000)
  eden space 125952K, 100% used [0x00000007e5d80000,0x00000007ed880000,0x00000007ed880000)
  from space 12800K, 99% used [0x00000007ed880000,0x00000007ee4fa0a8,0x00000007ee500000)
  to   space 15872K, 0% used [0x00000007ef880000,0x00000007ef880000,0x00000007f0800000)
 ParOldGen       total 196608K, used 20850K [0x00000007d0800000, 0x00000007dc800000, 0x00000007e5d80000)
  object space 196608K, 10% used [0x00000007d0800000,0x00000007d1c5cba8,0x00000007dc800000)
 Metaspace       used 56734K, capacity 58230K, committed 58584K, reserved 1099776K
  class space    used 7642K, capacity 8076K, committed 8192K, reserved 1048576K
Event: 11.219 GC heap after
Heap after GC invocations=10 (full 2):
 PSYoungGen      total 151552K, used 15854K [0x00000007e5d80000, 0x00000007f0800000, 0x00000007f0800000)
  eden space 135680K, 0% used [0x00000007e5d80000,0x00000007e5d80000,0x00000007ee200000)
  from space 15872K, 99% used [0x00000007ef880000,0x00000007f07fbb18,0x00000007f0800000)
  to   space 19456K, 0% used [0x00000007ee200000,0x00000007ee200000,0x00000007ef500000)
 ParOldGen       total 196608K, used 25402K [0x00000007d0800000, 0x00000007dc800000, 0x00000007e5d80000)
  object space 196608K, 12% used [0x00000007d0800000,0x00000007d20ce9e8,0x00000007dc800000)
 Metaspace       used 56734K, capacity 58230K, committed 58584K, reserved 1099776K
  class space    used 7642K, capacity 8076K, committed 8192K, reserved 1048576K
}
Event: 11.501 GC heap before
{Heap before GC invocations=11 (full 2):
 PSYoungGen      total 151552K, used 46813K [0x00000007e5d80000, 0x00000007f0800000, 0x00000007f0800000)
  eden space 135680K, 22% used [0x00000007e5d80000,0x00000007e7bbbce0,0x00000007ee200000)
  from space 15872K, 99% used [0x00000007ef880000,0x00000007f07fbb18,0x00000007f0800000)
  to   space 19456K, 0% used [0x00000007ee200000,0x00000007ee200000,0x00000007ef500000)
 ParOldGen       total 196608K, used 25402K [0x00000007d0800000, 0x00000007dc800000, 0x00000007e5d80000)
  object space 196608K, 12% used [0x00000007d0800000,0x00000007d20ce9e8,0x00000007dc800000)
 Metaspace       used 57383K, capacity 58824K, committed 59028K, reserved 1099776K
  class space    used 7742K, capacity 8161K, committed 8192K, reserved 1048576K
Event: 11.512 GC heap after
Heap after GC invocations=11 (full 2):
 PSYoungGen      total 151552K, used 15444K [0x00000007e5d80000, 0x00000007f0800000, 0x00000007f0800000)
  eden space 135680K, 0% used [0x00000007e5d80000,0x00000007e5d80000,0x00000007ee200000)
  from space 15872K, 97% used [0x00000007ee200000,0x00000007ef1153b0,0x00000007ef180000)
  to   space 19968K, 0% used [0x00000007ef480000,0x00000007ef480000,0x00000007f0800000)
 ParOldGen       total 196608K, used 25410K [0x00000007d0800000, 0x00000007dc800000, 0x00000007e5d80000)
  object space 196608K, 12% used [0x00000007d0800000,0x00000007d20d09e8,0x00000007dc800000)
 Metaspace       used 57383K, capacity 58824K, committed 59028K, reserved 1099776K
  class space    used 7742K, capacity 8161K, committed 8192K, reserved 1048576K
}
Event: 11.512 GC heap before
{Heap before GC invocations=12 (full 3):
 PSYoungGen      total 151552K, used 15444K [0x00000007e5d80000, 0x00000007f0800000, 0x00000007f0800000)
  eden space 135680K, 0% used [0x00000007e5d80000,0x00000007e5d80000,0x00000007ee200000)
  from space 15872K, 97% used [0x00000007ee200000,0x00000007ef1153b0,0x00000007ef180000)
  to   space 19968K, 0% used [0x00000007ef480000,0x00000007ef480000,0x00000007f0800000)
 ParOldGen       total 196608K, used 25410K [0x00000007d0800000, 0x00000007dc800000, 0x00000007e5d80000)
  object space 196608K, 12% used [0x00000007d0800000,0x00000007d20d09e8,0x00000007dc800000)
 Metaspace       used 57383K, capacity 58824K, committed 59028K, reserved 1099776K
  class space    used 7742K, capacity 8161K, committed 8192K, reserved 1048576K
Event: 11.781 GC heap after
Heap after GC invocations=12 (full 3):
 PSYoungGen      total 151552K, used 0K [0x00000007e5d80000, 0x00000007f0800000, 0x00000007f0800000)
  eden space 135680K, 0% used [0x00000007e5d80000,0x00000007e5d80000,0x00000007ee200000)
  from space 15872K, 0% used [0x00000007ee200000,0x00000007ee200000,0x00000007ef180000)
  to   space 19968K, 0% used [0x00000007ef480000,0x00000007ef480000,0x00000007f0800000)
 ParOldGen       total 280576K, used 30836K [0x00000007d0800000, 0x00000007e1a00000, 0x00000007e5d80000)
  object space 280576K, 10% used [0x00000007d0800000,0x00000007d261d358,0x00000007e1a00000)
 Metaspace       used 57383K, capacity 58824K, committed 59028K, reserved 1099776K
  class space    used 7742K, capacity 8161K, committed 8192K, reserved 1048576K
}

