# JRE version: OpenJDK Runtime Environment (8.0_222-b10) (build 1.8.0_222-b10)
# Java VM: OpenJDK 64-Bit Server VM (25.222-b10 mixed mode bsd-amd64 compressed oops)
Heap:
 PSYoungGen      total 551424K, used 483919K [0x000000076ab00000, 0x0000000797600000, 0x00000007c0000000)
  eden space 500736K, 86% used [0x000000076ab00000,0x0000000785218240,0x0000000789400000)
  from space 50688K, 99% used [0x0000000789400000,0x000000078c57bd10,0x000000078c580000)
  to   space 65536K, 0% used [0x0000000793600000,0x0000000793600000,0x0000000797600000)
 ParOldGen       total 252928K, used 109051K [0x00000006c0000000, 0x00000006cf700000, 0x000000076ab00000)
  object space 252928K, 43% used [0x00000006c0000000,0x00000006c6a7efc0,0x00000006cf700000)
 Metaspace       used 87916K, capacity 93234K, committed 93400K, reserved 1130496K
  class space    used 11400K, capacity 12721K, committed 12800K, reserved 1048576K
GC Heap History (10 events):
Event: 14.708 GC heap before
{Heap before GC invocations=12 (full 3):
 PSYoungGen      total 385536K, used 385512K [0x000000076ab00000, 0x0000000786880000, 0x00000007c0000000)
  eden space 360448K, 100% used [0x000000076ab00000,0x0000000780b00000,0x0000000780b00000)
  from space 25088K, 99% used [0x0000000785000000,0x000000078687a060,0x0000000786880000)
  to   space 32256K, 0% used [0x0000000782980000,0x0000000782980000,0x0000000784900000)
 ParOldGen       total 252928K, used 41199K [0x00000006c0000000, 0x00000006cf700000, 0x000000076ab00000)
  object space 252928K, 16% used [0x00000006c0000000,0x00000006c283be08,0x00000006cf700000)
 Metaspace       used 73243K, capacity 76974K, committed 77144K, reserved 1116160K
  class space    used 9716K, capacity 10759K, committed 10880K, reserved 1048576K
Event: 14.740 GC heap after
Heap after GC invocations=12 (full 3):
 PSYoungGen      total 423936K, used 32242K [0x000000076ab00000, 0x000000078a200000, 0x00000007c0000000)
  eden space 391680K, 0% used [0x000000076ab00000,0x000000076ab00000,0x0000000782980000)
  from space 32256K, 99% used [0x0000000782980000,0x00000007848fc8e0,0x0000000784900000)
  to   space 38912K, 0% used [0x0000000787c00000,0x0000000787c00000,0x000000078a200000)
 ParOldGen       total 252928K, used 45892K [0x00000006c0000000, 0x00000006cf700000, 0x000000076ab00000)
  object space 252928K, 18% used [0x00000006c0000000,0x00000006c2cd12f0,0x00000006cf700000)
 Metaspace       used 73243K, capacity 76974K, committed 77144K, reserved 1116160K
  class space    used 9716K, capacity 10759K, committed 10880K, reserved 1048576K
}
Event: 17.607 GC heap before
{Heap before GC invocations=13 (full 3):
 PSYoungGen      total 423936K, used 423922K [0x000000076ab00000, 0x000000078a200000, 0x00000007c0000000)
  eden space 391680K, 100% used [0x000000076ab00000,0x0000000782980000,0x0000000782980000)
  from space 32256K, 99% used [0x0000000782980000,0x00000007848fc8e0,0x0000000784900000)
  to   space 38912K, 0% used [0x0000000787c00000,0x0000000787c00000,0x000000078a200000)
 ParOldGen       total 252928K, used 45892K [0x00000006c0000000, 0x00000006cf700000, 0x000000076ab00000)
  object space 252928K, 18% used [0x00000006c0000000,0x00000006c2cd12f0,0x00000006cf700000)
 Metaspace       used 74601K, capacity 78428K, committed 78680K, reserved 1118208K
  class space    used 9755K, capacity 10836K, committed 10880K, reserved 1048576K
Event: 17.679 GC heap after
Heap after GC invocations=13 (full 3):
 PSYoungGen      total 460800K, used 38893K [0x000000076ab00000, 0x000000078eb80000, 0x00000007c0000000)
  eden space 421888K, 0% used [0x000000076ab00000,0x000000076ab00000,0x0000000784700000)
  from space 38912K, 99% used [0x0000000787c00000,0x000000078a1fb7e8,0x000000078a200000)
  to   space 54272K, 0% used [0x0000000784700000,0x0000000784700000,0x0000000787c00000)
 ParOldGen       total 252928K, used 72370K [0x00000006c0000000, 0x00000006cf700000, 0x000000076ab00000)
  object space 252928K, 28% used [0x00000006c0000000,0x00000006c46ac8b8,0x00000006cf700000)
 Metaspace       used 74601K, capacity 78428K, committed 78680K, reserved 1118208K
  class space    used 9755K, capacity 10836K, committed 10880K, reserved 1048576K
}
Event: 22.947 GC heap before
{Heap before GC invocations=14 (full 3):
 PSYoungGen      total 460800K, used 460781K [0x000000076ab00000, 0x000000078eb80000, 0x00000007c0000000)
  eden space 421888K, 100% used [0x000000076ab00000,0x0000000784700000,0x0000000784700000)
  from space 38912K, 99% used [0x0000000787c00000,0x000000078a1fb7e8,0x000000078a200000)
  to   space 54272K, 0% used [0x0000000784700000,0x0000000784700000,0x0000000787c00000)
 ParOldGen       total 252928K, used 72370K [0x00000006c0000000, 0x00000006cf700000, 0x000000076ab00000)
  object space 252928K, 28% used [0x00000006c0000000,0x00000006c46ac8b8,0x00000006cf700000)
 Metaspace       used 76073K, capacity 80036K, committed 80344K, reserved 1118208K
  class space    used 9853K, capacity 10924K, committed 11008K, reserved 1048576K
Event: 22.987 GC heap after
Heap after GC invocations=14 (full 3):
 PSYoungGen      total 476160K, used 25514K [0x000000076ab00000, 0x0000000790300000, 0x00000007c0000000)
  eden space 421888K, 0% used [0x000000076ab00000,0x000000076ab00000,0x0000000784700000)
  from space 54272K, 47% used [0x0000000784700000,0x0000000785fea890,0x0000000787c00000)
  to   space 52224K, 0% used [0x000000078d000000,0x000000078d000000,0x0000000790300000)
 ParOldGen       total 252928K, used 88980K [0x00000006c0000000, 0x00000006cf700000, 0x000000076ab00000)
  object space 252928K, 35% used [0x00000006c0000000,0x00000006c56e5120,0x00000006cf700000)
 Metaspace       used 76073K, capacity 80036K, committed 80344K, reserved 1118208K
  class space    used 9853K, capacity 10924K, committed 11008K, reserved 1048576K
}
Event: 29.556 GC heap before
{Heap before GC invocations=15 (full 3):
 PSYoungGen      total 476160K, used 447402K [0x000000076ab00000, 0x0000000790300000, 0x00000007c0000000)
  eden space 421888K, 100% used [0x000000076ab00000,0x0000000784700000,0x0000000784700000)
  from space 54272K, 47% used [0x0000000784700000,0x0000000785fea890,0x0000000787c00000)
  to   space 52224K, 0% used [0x000000078d000000,0x000000078d000000,0x0000000790300000)
 ParOldGen       total 252928K, used 88980K [0x00000006c0000000, 0x00000006cf700000, 0x000000076ab00000)
  object space 252928K, 35% used [0x00000006c0000000,0x00000006c56e5120,0x00000006cf700000)
 Metaspace       used 77497K, capacity 81474K, committed 81752K, reserved 1120256K
  class space    used 9960K, capacity 11043K, committed 11136K, reserved 1048576K
Event: 29.597 GC heap after
Heap after GC invocations=15 (full 3):
 PSYoungGen      total 540672K, used 28060K [0x000000076ab00000, 0x000000078f700000, 0x00000007c0000000)
  eden space 500736K, 0% used [0x000000076ab00000,0x000000076ab00000,0x0000000789400000)
  from space 39936K, 70% used [0x000000078d000000,0x000000078eb67090,0x000000078f700000)
  to   space 50688K, 0% used [0x0000000789400000,0x0000000789400000,0x000000078c580000)
 ParOldGen       total 252928K, used 88988K [0x00000006c0000000, 0x00000006cf700000, 0x000000076ab00000)
  object space 252928K, 35% used [0x00000006c0000000,0x00000006c56e7120,0x00000006cf700000)
 Metaspace       used 77497K, capacity 81474K, committed 81752K, reserved 1120256K
  class space    used 9960K, capacity 11043K, committed 11136K, reserved 1048576K
}
Event: 32.502 GC heap before
{Heap before GC invocations=16 (full 3):
 PSYoungGen      total 540672K, used 528796K [0x000000076ab00000, 0x000000078f700000, 0x00000007c0000000)
  eden space 500736K, 100% used [0x000000076ab00000,0x0000000789400000,0x0000000789400000)
  from space 39936K, 70% used [0x000000078d000000,0x000000078eb67090,0x000000078f700000)
  to   space 50688K, 0% used [0x0000000789400000,0x0000000789400000,0x000000078c580000)
 ParOldGen       total 252928K, used 88988K [0x00000006c0000000, 0x00000006cf700000, 0x000000076ab00000)
  object space 252928K, 35% used [0x00000006c0000000,0x00000006c56e7120,0x00000006cf700000)
 Metaspace       used 78432K, capacity 82568K, committed 82904K, reserved 1120256K
  class space    used 10066K, capacity 11174K, committed 11264K, reserved 1048576K
Event: 32.558 GC heap after
Heap after GC invocations=16 (full 3):
 PSYoungGen      total 551424K, used 50671K [0x000000076ab00000, 0x0000000797600000, 0x00000007c0000000)
  eden space 500736K, 0% used [0x000000076ab00000,0x000000076ab00000,0x0000000789400000)
  from space 50688K, 99% used [0x0000000789400000,0x000000078c57bd10,0x000000078c580000)
  to   space 65536K, 0% used [0x0000000793600000,0x0000000793600000,0x0000000797600000)
 ParOldGen       total 252928K, used 109051K [0x00000006c0000000, 0x00000006cf700000, 0x000000076ab00000)
  object space 252928K, 43% used [0x00000006c0000000,0x00000006c6a7efc0,0x00000006cf700000)
 Metaspace       used 78432K, capacity 82568K, committed 82904K, reserved 1120256K
  class space    used 10066K, capacity 11174K, committed 11264K, reserved 1048576K
}

